# JRE version: Java(TM) SE Runtime Environment (17.0.5+9) (build 17.0.5+9-LTS-191)
# Java VM: Java HotSpot(TM) 64-Bit Server VM (17.0.5+9-LTS-191, mixed mode, sharing, tiered, compressed oops, compressed class ptrs, g1 gc, windows-amd64)
GC Precious Log:
 CPUs: 8 total, 8 available
 Memory: 16258M
 Large Page Support: Disabled
 NUMA Support: Disabled
 Compressed Oops: Enabled (Zero based)
 Heap Region Size: 2M
 Heap Min Capacity: 8M
 Heap Initial Capacity: 256M
 Heap Max Capacity: 4066M
 Pre-touch: Disabled
 Parallel Workers: 8
 Concurrent Workers: 2
 Concurrent Refinement Workers: 8
 Periodic GC: Disabled
Heap:
 garbage-first heap   total 69632K, used 43434K [0x0000000701e00000, 0x0000000800000000)
  region size 2048K, 10 young (20480K), 1 survivors (2048K)
 Metaspace       used 49089K, committed 49600K, reserved 1097728K
  class space    used 6190K, committed 6464K, reserved 1048576K
GC Heap History (20 events):
Event: 7.089 GC heap before
{Heap before GC invocations=6 (full 0):
 garbage-first heap   total 69632K, used 41626K [0x0000000701e00000, 0x0000000800000000)
  region size 2048K, 15 young (30720K), 2 survivors (4096K)
 Metaspace       used 35914K, committed 36288K, reserved 1081344K
  class space    used 4739K, committed 4928K, reserved 1048576K
}
Event: 7.095 GC heap after
{Heap after GC invocations=7 (full 0):
 garbage-first heap   total 69632K, used 21262K [0x0000000701e00000, 0x0000000800000000)
  region size 2048K, 2 young (4096K), 2 survivors (4096K)
 Metaspace       used 35914K, committed 36288K, reserved 1081344K
  class space    used 4739K, committed 4928K, reserved 1048576K
}
Event: 8.616 GC heap before
{Heap before GC invocations=8 (full 0):
 garbage-first heap   total 69632K, used 45838K [0x0000000701e00000, 0x0000000800000000)
  region size 2048K, 14 young (28672K), 2 survivors (4096K)
 Metaspace       used 37607K, committed 38080K, reserved 1089536K
  class space    used 4976K, committed 5184K, reserved 1048576K
}
Event: 8.620 GC heap after
{Heap after GC invocations=9 (full 0):
 garbage-first heap   total 69632K, used 22395K [0x0000000701e00000, 0x0000000800000000)
  region size 2048K, 1 young (2048K), 1 survivors (2048K)
 Metaspace       used 37607K, committed 38080K, reserved 1089536K
  class space    used 4976K, committed 5184K, reserved 1048576K
}
Event: 9.684 GC heap before
{Heap before GC invocations=9 (full 0):
 garbage-first heap   total 69632K, used 49019K [0x0000000701e00000, 0x0000000800000000)
  region size 2048K, 14 young (28672K), 1 survivors (2048K)
 Metaspace       used 44425K, committed 44928K, reserved 1089536K
  class space    used 5898K, committed 6144K, reserved 1048576K
}
Event: 9.694 GC heap after
{Heap after GC invocations=10 (full 0):
 garbage-first heap   total 69632K, used 25886K [0x0000000701e00000, 0x0000000800000000)
  region size 2048K, 2 young (4096K), 2 survivors (4096K)
 Metaspace       used 44425K, committed 44928K, reserved 1089536K
  class space    used 5898K, committed 6144K, reserved 1048576K
}
Event: 2801.568 GC heap before
{Heap before GC invocations=10 (full 0):
 garbage-first heap   total 69632K, used 48414K [0x0000000701e00000, 0x0000000800000000)
  region size 2048K, 13 young (26624K), 2 survivors (4096K)
 Metaspace       used 47466K, committed 48000K, reserved 1097728K
  class space    used 6184K, committed 6464K, reserved 1048576K
}
Event: 2801.665 GC heap after
{Heap after GC invocations=11 (full 0):
 garbage-first heap   total 69632K, used 27525K [0x0000000701e00000, 0x0000000800000000)
  region size 2048K, 1 young (2048K), 1 survivors (2048K)
 Metaspace       used 47466K, committed 48000K, reserved 1097728K
  class space    used 6184K, committed 6464K, reserved 1048576K
}
Event: 9738.776 GC heap before
{Heap before GC invocations=11 (full 0):
 garbage-first heap   total 69632K, used 50053K [0x0000000701e00000, 0x0000000800000000)
  region size 2048K, 12 young (24576K), 1 survivors (2048K)
 Metaspace       used 48305K, committed 48832K, reserved 1097728K
  class space    used 6186K, committed 6464K, reserved 1048576K
}
Event: 9738.850 GC heap after
{Heap after GC invocations=12 (full 0):
 garbage-first heap   total 69632K, used 27213K [0x0000000701e00000, 0x0000000800000000)
  region size 2048K, 1 young (2048K), 1 survivors (2048K)
 Metaspace       used 48305K, committed 48832K, reserved 1097728K
  class space    used 6186K, committed 6464K, reserved 1048576K
}
Event: 15985.561 GC heap before
{Heap before GC invocations=12 (full 0):
 garbage-first heap   total 69632K, used 47693K [0x0000000701e00000, 0x0000000800000000)
  region size 2048K, 12 young (24576K), 1 survivors (2048K)
 Metaspace       used 48651K, committed 49216K, reserved 1097728K
  class space    used 6189K, committed 6464K, reserved 1048576K
}
Event: 15985.616 GC heap after
{Heap after GC invocations=13 (full 0):
 garbage-first heap   total 69632K, used 27154K [0x0000000701e00000, 0x0000000800000000)
  region size 2048K, 1 young (2048K), 1 survivors (2048K)
 Metaspace       used 48651K, committed 49216K, reserved 1097728K
  class space    used 6189K, committed 6464K, reserved 1048576K
}
Event: 22920.642 GC heap before
{Heap before GC invocations=13 (full 0):
 garbage-first heap   total 69632K, used 51730K [0x0000000701e00000, 0x0000000800000000)
  region size 2048K, 13 young (26624K), 1 survivors (2048K)
 Metaspace       used 48863K, committed 49344K, reserved 1097728K
  class space    used 6189K, committed 6464K, reserved 1048576K
}
Event: 22920.698 GC heap after
{Heap after GC invocations=14 (full 0):
 garbage-first heap   total 69632K, used 27198K [0x0000000701e00000, 0x0000000800000000)
  region size 2048K, 1 young (2048K), 1 survivors (2048K)
 Metaspace       used 48863K, committed 49344K, reserved 1097728K
  class space    used 6189K, committed 6464K, reserved 1048576K
}
Event: 30066.450 GC heap before
{Heap before GC invocations=14 (full 0):
 garbage-first heap   total 69632K, used 51774K [0x0000000701e00000, 0x0000000800000000)
  region size 2048K, 13 young (26624K), 1 survivors (2048K)
 Metaspace       used 48958K, committed 49536K, reserved 1097728K
  class space    used 6189K, committed 6464K, reserved 1048576K
}
Event: 30066.538 GC heap after
{Heap after GC invocations=15 (full 0):
 garbage-first heap   total 69632K, used 27274K [0x0000000701e00000, 0x0000000800000000)
  region size 2048K, 1 young (2048K), 1 survivors (2048K)
 Metaspace       used 48958K, committed 49536K, reserved 1097728K
  class space    used 6189K, committed 6464K, reserved 1048576K
}
Event: 41260.502 GC heap before
{Heap before GC invocations=15 (full 0):
 garbage-first heap   total 69632K, used 53898K [0x0000000701e00000, 0x0000000800000000)
  region size 2048K, 14 young (28672K), 1 survivors (2048K)
 Metaspace       used 49015K, committed 49536K, reserved 1097728K
  class space    used 6190K, committed 6464K, reserved 1048576K
}
Event: 41260.582 GC heap after
{Heap after GC invocations=16 (full 0):
 garbage-first heap   total 69632K, used 27293K [0x0000000701e00000, 0x0000000800000000)
  region size 2048K, 1 young (2048K), 1 survivors (2048K)
 Metaspace       used 49015K, committed 49536K, reserved 1097728K
  class space    used 6190K, committed 6464K, reserved 1048576K
}
Event: 49235.255 GC heap before
{Heap before GC invocations=16 (full 0):
 garbage-first heap   total 69632K, used 53917K [0x0000000701e00000, 0x0000000800000000)
  region size 2048K, 14 young (28672K), 1 survivors (2048K)
 Metaspace       used 49071K, committed 49600K, reserved 1097728K
  class space    used 6190K, committed 6464K, reserved 1048576K
}
Event: 49235.368 GC heap after
{Heap after GC invocations=17 (full 0):
 garbage-first heap   total 69632K, used 27050K [0x0000000701e00000, 0x0000000800000000)
  region size 2048K, 1 young (2048K), 1 survivors (2048K)
 Metaspace       used 49071K, committed 49600K, reserved 1097728K
  class space    used 6190K, committed 6464K, reserved 1048576K
}

